<?xml version="1.0" encoding="UTF-8"?>
<testng-results ignored="0" total="1" passed="1" failed="0" skipped="0">
  <reporter-output>
  </reporter-output>
  <suite started-at="2026-07-25T09:11:34 IST" name="Selenium BDD Suite" finished-at="2026-07-25T09:11:44 IST" duration-ms="9696">
    <groups>
      <group name="cucumber">
        <method signature="AbstractTestNGCucumberTests.runScenario(io.cucumber.testng.PickleWrapper,io.cucumber.testng.FeatureWrapper)[pri:0, instance:com.example.tests.runners.TestRunner@1e800aaa]" name="runScenario" class="io.cucumber.testng.AbstractTestNGCucumberTests"/>
      </group> <!-- cucumber -->
    </groups>
    <test started-at="2026-07-25T09:11:34 IST" name="Login Feature Tests" finished-at="2026-07-25T09:11:44 IST" duration-ms="9696">
      <class name="com.example.tests.runners.TestRunner">
        <test-method is-config="true" signature="setUpClass(org.testng.ITestContext)[pri:0, instance:com.example.tests.runners.TestRunner@1e800aaa]" started-at="2026-07-25T09:11:35 IST" name="setUpClass" finished-at="2026-07-25T09:11:35 IST" duration-ms="682" status="PASS">
          <params>
            <param index="0">
              <value>
                <![CDATA[org.testng.TestRunner@776015fc]]>
              </value>
            </param>
          </params>
          <reporter-output>
          </reporter-output>
        </test-method> <!-- setUpClass -->
        <test-method is-config="true" signature="setupFeaturePath(org.testng.ITestContext)[pri:0, instance:com.example.tests.runners.TestRunner@1e800aaa]" started-at="2026-07-25T09:11:35 IST" name="setupFeaturePath" finished-at="2026-07-25T09:11:35 IST" duration-ms="0" status="PASS">
          <params>
            <param index="0">
              <value>
                <![CDATA[org.testng.TestRunner@776015fc]]>
              </value>
            </param>
          </params>
          <reporter-output>
          </reporter-output>
        </test-method> <!-- setupFeaturePath -->
        <test-method signature="runScenario(io.cucumber.testng.PickleWrapper,io.cucumber.testng.FeatureWrapper)[pri:0, instance:com.example.tests.runners.TestRunner@1e800aaa]" started-at="2026-07-25T09:11:35 IST" name="runScenario" description="Runs Cucumber Scenarios" data-provider="scenarios" finished-at="2026-07-25T09:11:44 IST" duration-ms="8764" status="PASS">
          <params>
            <param index="0">
              <value>
                <![CDATA["User logs in with valid credentials"]]>
              </value>
            </param>
            <param index="1">
              <value>
                <![CDATA["Login functionality"]]>
              </value>
            </param>
          </params>
          <reporter-output>
          </reporter-output>
        </test-method> <!-- runScenario -->
        <test-method is-config="true" signature="tearDownClass()[pri:0, instance:com.example.tests.runners.TestRunner@1e800aaa]" started-at="2026-07-25T09:11:44 IST" name="tearDownClass" finished-at="2026-07-25T09:11:44 IST" duration-ms="217" status="PASS">
          <reporter-output>
          </reporter-output>
        </test-method> <!-- tearDownClass -->
      </class> <!-- com.example.tests.runners.TestRunner -->
    </test> <!-- Login Feature Tests -->
  </suite> <!-- Selenium BDD Suite -->
</testng-results>
