<?xml version="1.0" encoding="UTF-8"?>
<testsuite xmlns:xsi="http://www.w3.org/2001/XMLSchema-instance" xsi:noNamespaceSchemaLocation="https://maven.apache.org/surefire/maven-surefire-plugin/xsd/surefire-test-report-3.0.xsd" version="3.0" name="TestSuite" time="10.053" tests="1" errors="0" skipped="0" failures="0">
  <properties>
[...]
</properties>
  <testcase name="runScenario[&quot;User logs in with valid credentials&quot;, &quot;Login functionality&quot;](1)" classname="com.example.tests.runners.TestRunner" time="8.765">
    <system-out><![CDATA[
Scenario: User logs in with valid credentials # src/test/resources/features/login.feature:3
Starting scenario: User logs in with valid credentials
  Given I open the login page                 # com.example.tests.steps.LoginSteps.iOpenTheLoginPage()
  When I enter username "testuser"            # com.example.tests.steps.LoginSteps.iEnterUsername(java.lang.String)
  And I enter password "password123"          # com.example.tests.steps.LoginSteps.iEnterPassword(java.lang.String)
  And I click the login button                # com.example.tests.steps.LoginSteps.iClickTheLoginButton()
  Then I should see the dashboard page        # com.example.tests.steps.LoginSteps.iShouldSeeTheDashboardPage()
]]></system-out>
    <system-err><![CDATA[SLF4J(W): No SLF4J providers were found.
SLF4J(W): Defaulting to no-operation (NOP) logger implementation
SLF4J(W): See https://www.slf4j.org/codes.html#noProviders for further details.
Jul 25, 2026 9:11:37 AM org.openqa.selenium.devtools.CdpVersionFinder findNearestMatch
WARNING: Unable to find CDP implementation matching 150
Jul 25, 2026 9:11:37 AM org.openqa.selenium.chromium.ChromiumDriver lambda$new$5
WARNING: Unable to find version of CDP to use for 150.0.7871.182. You may need to include a dependency on a specific version of the CDP using something similar to `org.seleniumhq.selenium:selenium-devtools-v86:4.22.0` where the version ("v86") matches the version of the chromium-based browser you're using and the version number of the artifact is the same as Selenium's.
]]></system-err>
  </testcase>
</testsuite>